<?xml version="1.0" encoding="UTF-8"?>
<coverage generated="1665941226334" clover="3.2.0">
  <project timestamp="1665941226334" name="All files">
    <metrics statements="17" coveredstatements="5" conditionals="2" coveredconditionals="0" methods="5" coveredmethods="2" elements="24" coveredelements="7" complexity="0" loc="17" ncloc="17" packages="1" files="1" classes="1"/>
    <file name="main.js" path="D:\dev\if-js\src\scripts\main.js">
      <metrics statements="17" coveredstatements="5" conditionals="2" coveredconditionals="0" methods="5" coveredmethods="2"/>
      <line num="2" count="1" type="stmt"/>
      <line num="3" count="1" type="stmt"/>
      <line num="6" count="1" type="stmt"/>
      <line num="8" count="1" type="stmt"/>
      <line num="11" count="0" type="stmt"/>
      <line num="12" count="0" type="stmt"/>
      <line num="13" count="0" type="stmt"/>
      <line num="14" count="0" type="cond" truecount="0" falsecount="2"/>
      <line num="15" count="0" type="stmt"/>
      <line num="17" count="0" type="stmt"/>
      <line num="21" count="1" type="stmt"/>
      <line num="22" count="0" type="stmt"/>
      <line num="23" count="0" type="stmt"/>
      <line num="24" count="0" type="stmt"/>
      <line num="25" count="0" type="stmt"/>
      <line num="26" count="0" type="stmt"/>
      <line num="27" count="0" type="stmt"/>
    </file>
  </project>
</coverage>
