{"D:\\dev\\if-js\\src\\scripts\\main.js": {"path":"D:\\dev\\if-js\\src\\scripts\\main.js","statementMap":{"0":{"start":{"line":2,"column":2},"end":{"line":4,"column":4}},"1":{"start":{"line":3,"column":4},"end":{"line":3,"column":17}},"2":{"start":{"line":6,"column":0},"end":{"line":6,"column":23}},"3":{"start":{"line":8,"column":15},"end":{"line":8,"column":73}},"4":{"start":{"line":11,"column":10},"end":{"line":11,"column":11}},"5":{"start":{"line":12,"column":2},"end":{"line":18,"column":4}},"6":{"start":{"line":13,"column":4},"end":{"line":13,"column":41}},"7":{"start":{"line":14,"column":4},"end":{"line":16,"column":5}},"8":{"start":{"line":15,"column":6},"end":{"line":15,"column":12}},"9":{"start":{"line":17,"column":4},"end":{"line":17,"column":8}},"10":{"start":{"line":21,"column":0},"end":{"line":28,"column":3}},"11":{"start":{"line":22,"column":16},"end":{"line":22,"column":48}},"12":{"start":{"line":23,"column":16},"end":{"line":23,"column":48}},"13":{"start":{"line":24,"column":16},"end":{"line":24,"column":48}},"14":{"start":{"line":25,"column":2},"end":{"line":25,"column":46}},"15":{"start":{"line":26,"column":2},"end":{"line":26,"column":46}},"16":{"start":{"line":27,"column":2},"end":{"line":27,"column":46}}},"fnMap":{"0":{"name":"sum","decl":{"start":{"line":1,"column":16},"end":{"line":1,"column":19}},"loc":{"start":{"line":1,"column":23},"end":{"line":5,"column":1}},"line":1},"1":{"name":"(anonymous_1)","decl":{"start":{"line":2,"column":9},"end":{"line":2,"column":10}},"loc":{"start":{"line":2,"column":22},"end":{"line":4,"column":3}},"line":2},"2":{"name":"getColor","decl":{"start":{"line":10,"column":16},"end":{"line":10,"column":24}},"loc":{"start":{"line":10,"column":27},"end":{"line":19,"column":1}},"line":10},"3":{"name":"getColor","decl":{"start":{"line":12,"column":18},"end":{"line":12,"column":26}},"loc":{"start":{"line":12,"column":34},"end":{"line":18,"column":3}},"line":12},"4":{"name":"(anonymous_4)","decl":{"start":{"line":21,"column":46},"end":{"line":21,"column":47}},"loc":{"start":{"line":21,"column":58},"end":{"line":28,"column":1}},"line":21}},"branchMap":{"0":{"loc":{"start":{"line":14,"column":4},"end":{"line":16,"column":5}},"type":"if","locations":[{"start":{"line":14,"column":4},"end":{"line":16,"column":5}},{"start":{},"end":{}}],"line":14}},"s":{"0":1,"1":1,"2":1,"3":1,"4":0,"5":0,"6":0,"7":0,"8":0,"9":0,"10":1,"11":0,"12":0,"13":0,"14":0,"15":0,"16":0},"f":{"0":1,"1":1,"2":0,"3":0,"4":0},"b":{"0":[0,0]},"_coverageSchema":"1a1c01bbd47fc00a2c39e90264f33305004495a9","hash":"69cffab0386a6c3c66b399d8cba4f71dc0eea658"}
}
